[36mINFO[0m[2025-04-09 18:41:35] RabbitMQ.chanel SUCCESS CONNECT              
[36mINFO[0m[2025-04-09 18:41:35] RabbitMQ.chanel SUCCESS CONNECT              
[36mINFO[0m[2025-04-09 18:41:35] RabbitMQ.chanel SUCCESS OPEN                 
[36mINFO[0m[2025-04-09 18:41:35] RabbitMQ.chanel SUCCESS OPEN                 
[36mINFO[0m[2025-04-09 18:42:40] RabbitMQ.chanel SUCCESS CONNECT              
[36mINFO[0m[2025-04-09 18:42:40] RabbitMQ.chanel SUCCESS CONNECT              
[36mINFO[0m[2025-04-09 18:42:40] RabbitMQ.chanel SUCCESS OPEN                 
[36mINFO[0m[2025-04-09 18:42:40] RabbitMQ.chanel SUCCESS OPEN                 
[36mINFO[0m[2025-04-09 18:43:15] RabbitMQ.chanel SUCCESS CONNECT              
[36mINFO[0m[2025-04-09 18:43:15] RabbitMQ.chanel SUCCESS CONNECT              
[36mINFO[0m[2025-04-09 18:43:15] RabbitMQ.chanel SUCCESS OPEN                 
[36mINFO[0m[2025-04-09 18:43:15] RabbitMQ.chanel SUCCESS OPEN                 
[36mINFO[0m[2025-04-09 18:43:33] RabbitMQ.chanel SUCCESS CONNECT              
[36mINFO[0m[2025-04-09 18:43:33] RabbitMQ.chanel SUCCESS CONNECT              
[36mINFO[0m[2025-04-09 18:43:33] RabbitMQ.chanel SUCCESS OPEN                 
[36mINFO[0m[2025-04-09 18:43:33] RabbitMQ.chanel SUCCESS OPEN                 
[36mINFO[0m[2025-04-09 18:43:58] Success send email to: AlexKus@ex.com        
[36mINFO[0m[2025-04-09 18:44:01] Success send email to: AliceDeeb@ex.com      
[36mINFO[0m[2025-04-09 18:44:03] Success send email to: BobQwe@ex.com         
[36mINFO[0m[2025-04-09 18:44:05] Success send email to: pm12.kusakin@gmail.com 
[36mINFO[0m[2025-04-09 18:45:18] Success send email to: AlexKus@ex.com        
[36mINFO[0m[2025-04-09 18:45:20] Success send email to: AliceDeeb@ex.com      
[36mINFO[0m[2025-04-09 18:45:23] Success send email to: BobQwe@ex.com         
[36mINFO[0m[2025-04-09 18:45:26] Success send email to: pm12.kusakin@gmail.com 
